consumerapp/build/intermediates/manifest_merge_blame_file/debug/manifest-merger-blame-debug-report.txt
1<?xml version="1.0" encoding="utf-8"?>
2<manifest xmlns:android="http://schemas.android.com/apk/res/android"
3    package="com.faridaaidah.consumerapp"
4    android:versionCode="1"
5    android:versionName="1.0" >
6
7    <uses-sdk
8        android:minSdkVersion="21"
8-->src\main\AndroidManifest.xml
9        android:targetSdkVersion="30" />
9-->src\main\AndroidManifest.xml
10
11    <uses-permission android:name="android.permission.INTERNET" />
11-->src\main\AndroidManifest.xml:5:5-67
11-->src\main\AndroidManifest.xml:5:22-64
12    <uses-permission android:name="com.faridaaidah.gitusersapp.READ_DATABASE" />
12-->src\main\AndroidManifest.xml:6:5-80
12-->src\main\AndroidManifest.xml:6:22-78
13    <uses-permission android:name="com.faridaaidah.gitusersapp.WRITE_DATABASE" />
13-->src\main\AndroidManifest.xml:7:5-81
13-->src\main\AndroidManifest.xml:7:22-79
14
15    <application
15-->src\main\AndroidManifest.xml:9:5-41:19
16        android:allowBackup="true"
16-->src\main\AndroidManifest.xml:10:13-39
17        android:appComponentFactory="androidx.core.app.CoreComponentFactory"
17-->[androidx.core:core:1.3.2] AndroidManifest.xml:24:18-86
18        android:debuggable="true"
19        android:icon="@mipmap/ic_launcher"
19-->src\main\AndroidManifest.xml:11:13-47
20        android:label="@string/app_name"
20-->src\main\AndroidManifest.xml:12:13-45
21        android:roundIcon="@mipmap/ic_launcher_round"
21-->src\main\AndroidManifest.xml:13:13-58
22        android:supportsRtl="true"
22-->src\main\AndroidManifest.xml:14:13-39
23        android:theme="@style/Theme.GitUsersApp" >
23-->src\main\AndroidManifest.xml:15:13-53
24        <activity
24-->src\main\AndroidManifest.xml:16:9-19:20
25            android:name="com.faridaaidah.consumerapp.SplashActivity"
25-->src\main\AndroidManifest.xml:17:17-47
26            android:theme="@style/SplashTheme" >
26-->src\main\AndroidManifest.xml:18:17-51
27        </activity>
28        <activity
28-->src\main\AndroidManifest.xml:20:9-23:42
29            android:name="com.faridaaidah.consumerapp.MainActivity"
29-->src\main\AndroidManifest.xml:21:17-45
30            android:logo="@drawable/github_logo"
30-->src\main\AndroidManifest.xml:22:17-53
31            android:tint="#FFFFFF" />
31-->src\main\AndroidManifest.xml:23:17-39
32        <activity android:name="com.faridaaidah.consumerapp.DetailActivity" />
32-->src\main\AndroidManifest.xml:24:9-52
32-->src\main\AndroidManifest.xml:24:19-49
33        <activity
33-->src\main\AndroidManifest.xml:25:9-27:67
34            android:name="com.faridaaidah.consumerapp.SettingsActivity"
34-->src\main\AndroidManifest.xml:26:17-49
35            android:label="@string/title_activity_settings" />
35-->src\main\AndroidManifest.xml:27:17-64
36        <activity
36-->src\main\AndroidManifest.xml:28:9-36:20
37            android:name="com.faridaaidah.consumerapp.FavoriteActivity"
37-->src\main\AndroidManifest.xml:29:17-49
38            android:label="@string/title_activity_favorite" >
38-->src\main\AndroidManifest.xml:30:17-64
39            <intent-filter>
39-->src\main\AndroidManifest.xml:31:13-35:29
40                <action android:name="android.intent.action.MAIN" />
40-->src\main\AndroidManifest.xml:32:17-69
40-->src\main\AndroidManifest.xml:32:25-66
41
42                <category android:name="android.intent.category.LAUNCHER" />
42-->src\main\AndroidManifest.xml:34:17-77
42-->src\main\AndroidManifest.xml:34:27-74
43            </intent-filter>
44        </activity>
45
46        <meta-data
46-->src\main\AndroidManifest.xml:37:9-39:61
47            android:name="preloaded_fonts"
47-->src\main\AndroidManifest.xml:38:17-47
48            android:resource="@array/preloaded_fonts" />
48-->src\main\AndroidManifest.xml:39:17-58
49    </application>
50
51</manifest>